---------------------------------------------------------------
[ 2018-11-05T22:54:12+08:00 ] ::1 GET localhost/webmate/public/user/sign_in?nick=sdsad&password=125sdfas&sex=1&age=16
[运行时间：0.334870s] [吞吐率：2.99req/s] [内存消耗：4,077.70kb] [文件加载：84]
[ sql ] [ DB ] CONNECT:[ UseTime:0.062297s ] mysql:host=118.89.35.251;dbname=webdemo;charset=utf8
[ sql ] [ SQL ] SHOW COLUMNS FROM `user` [ RunTime:0.041945s ]
[ sql ] [ SQL ] INSERT INTO `user` (`nick` , `password` , `sex` , `age` , `create_time` , `update_time`) VALUES ('sdsad' , 'b54941aecb9c34b33351d146c2a876d2' , 1 , 16 , '2018-11-05 22:54:12' , '2018-11-05 22:54:12') [ RunTime:0.039913s ]
---------------------------------------------------------------
[ 2018-11-05T22:56:01+08:00 ] ::1 GET localhost/webmate/public/user/sign_in?nick=sdsad&password=125sdfas&sex=1&age=16
[运行时间：0.291033s] [吞吐率：3.44req/s] [内存消耗：4,077.70kb] [文件加载：84]
[ sql ] [ DB ] CONNECT:[ UseTime:0.062437s ] mysql:host=118.89.35.251;dbname=webdemo;charset=utf8
[ sql ] [ SQL ] SHOW COLUMNS FROM `user` [ RunTime:0.039646s ]
[ sql ] [ SQL ] INSERT INTO `user` (`nick` , `password` , `sex` , `age` , `create_time` , `update_time`) VALUES ('sdsad' , 'b54941aecb9c34b33351d146c2a876d2' , 1 , 16 , '2018-11-05 22:56:01' , '2018-11-05 22:56:01') [ RunTime:0.039527s ]
---------------------------------------------------------------
[ 2018-11-05T22:56:36+08:00 ] ::1 GET localhost/webmate/public/user/sign_in?nick=sdsad&password=125sdfas&sex=1&age=16
[运行时间：0.277319s] [吞吐率：3.61req/s] [内存消耗：4,077.70kb] [文件加载：84]
[ sql ] [ DB ] CONNECT:[ UseTime:0.061870s ] mysql:host=118.89.35.251;dbname=webdemo;charset=utf8
[ sql ] [ SQL ] SHOW COLUMNS FROM `user` [ RunTime:0.041126s ]
[ sql ] [ SQL ] INSERT INTO `user` (`nick` , `password` , `sex` , `age` , `create_time` , `update_time`) VALUES ('sdsad' , 'b54941aecb9c34b33351d146c2a876d2' , 1 , 16 , '2018-11-05 22:56:36' , '2018-11-05 22:56:36') [ RunTime:0.042940s ]
---------------------------------------------------------------
[ 2018-11-05T22:57:54+08:00 ] ::1 GET localhost/webmate/public/user/sign_in?nick=sdsad&password=125sdfas&sex=1&age=16
[运行时间：0.270812s] [吞吐率：3.69req/s] [内存消耗：4,082.61kb] [文件加载：85]
[ sql ] [ DB ] CONNECT:[ UseTime:0.056518s ] mysql:host=118.89.35.251;dbname=webdemo;charset=utf8
[ sql ] [ SQL ] SHOW COLUMNS FROM `user` [ RunTime:0.037578s ]
[ sql ] [ SQL ] SELECT * FROM `user` WHERE  `nick` = 'nick'  AND `password` = 'a62a005c56b6fb4a66a9f67f28a72e76'  AND `id` = 1 LIMIT 1 [ RunTime:0.037883s ]
[ sql ] [ SQL ] INSERT INTO `user` (`nick` , `password` , `sex` , `age` , `create_time` , `update_time`) VALUES ('sdsad' , 'b54941aecb9c34b33351d146c2a876d2' , 1 , 16 , '2018-11-05 22:57:53' , '2018-11-05 22:57:53') [ RunTime:0.038275s ]
---------------------------------------------------------------
[ 2018-11-05T22:58:22+08:00 ] ::1 GET localhost/webmate/public/user/sign_in?nick=sdsad&password=125sdfas&sex=1&age=16
[运行时间：0.286672s] [吞吐率：3.49req/s] [内存消耗：4,083.48kb] [文件加载：85]
[ sql ] [ DB ] CONNECT:[ UseTime:0.057547s ] mysql:host=118.89.35.251;dbname=webdemo;charset=utf8
[ sql ] [ SQL ] SHOW COLUMNS FROM `user` [ RunTime:0.038300s ]
[ sql ] [ SQL ] SELECT * FROM `user` WHERE  `nick` = 'nick'  AND `password` = 'a62a005c56b6fb4a66a9f67f28a72e76'  AND `id` = 1 LIMIT 1 [ RunTime:0.037517s ]
[ sql ] [ SQL ] INSERT INTO `user` (`nick` , `password` , `sex` , `age` , `create_time` , `update_time`) VALUES ('sdsad' , 'b54941aecb9c34b33351d146c2a876d2' , 1 , 16 , '2018-11-05 22:58:21' , '2018-11-05 22:58:21') [ RunTime:0.037238s ]
---------------------------------------------------------------
[ 2018-11-05T22:58:47+08:00 ] ::1 GET localhost/webmate/public/user/sign_in?nick=sdsad&password=125sdfas&sex=1&age=16
[运行时间：0.317560s] [吞吐率：3.15req/s] [内存消耗：4,083.68kb] [文件加载：85]
[ sql ] [ DB ] CONNECT:[ UseTime:0.059557s ] mysql:host=118.89.35.251;dbname=webdemo;charset=utf8
[ sql ] [ SQL ] SHOW COLUMNS FROM `user` [ RunTime:0.039979s ]
[ sql ] [ SQL ] SELECT * FROM `user` WHERE  `nick` = 'nick'  AND `password` = 'a62a005c56b6fb4a66a9f67f28a72e76'  AND `id` = 1 LIMIT 1 [ RunTime:0.039903s ]
[ sql ] [ SQL ] INSERT INTO `user` (`nick` , `password` , `sex` , `age` , `create_time` , `update_time`) VALUES ('sdsad' , 'b54941aecb9c34b33351d146c2a876d2' , 1 , 16 , '2018-11-05 22:58:47' , '2018-11-05 22:58:47') [ RunTime:0.039792s ]
---------------------------------------------------------------
[ 2018-11-05T22:58:52+08:00 ] ::1 GET localhost/webmate/public/user/sign_in?nick=sdsad&password=125sdfas&sex=1&age=16
[运行时间：0.302661s] [吞吐率：3.30req/s] [内存消耗：4,083.68kb] [文件加载：85]
[ sql ] [ DB ] CONNECT:[ UseTime:0.062181s ] mysql:host=118.89.35.251;dbname=webdemo;charset=utf8
[ sql ] [ SQL ] SHOW COLUMNS FROM `user` [ RunTime:0.042315s ]
[ sql ] [ SQL ] SELECT * FROM `user` WHERE  `nick` = 'nick'  AND `password` = 'a62a005c56b6fb4a66a9f67f28a72e76'  AND `id` = 1 LIMIT 1 [ RunTime:0.041202s ]
[ sql ] [ SQL ] INSERT INTO `user` (`nick` , `password` , `sex` , `age` , `create_time` , `update_time`) VALUES ('sdsad' , 'b54941aecb9c34b33351d146c2a876d2' , 1 , 16 , '2018-11-05 22:58:52' , '2018-11-05 22:58:52') [ RunTime:0.044337s ]
---------------------------------------------------------------
[ 2018-11-05T22:58:53+08:00 ] ::1 GET localhost/webmate/public/user/sign_in?nick=sdsad&password=125sdfas&sex=1&age=16
[运行时间：0.375574s] [吞吐率：2.66req/s] [内存消耗：4,083.68kb] [文件加载：85]
[ sql ] [ DB ] CONNECT:[ UseTime:0.062998s ] mysql:host=118.89.35.251;dbname=webdemo;charset=utf8
[ sql ] [ SQL ] SHOW COLUMNS FROM `user` [ RunTime:0.104321s ]
[ sql ] [ SQL ] SELECT * FROM `user` WHERE  `nick` = 'nick'  AND `password` = 'a62a005c56b6fb4a66a9f67f28a72e76'  AND `id` = 1 LIMIT 1 [ RunTime:0.046981s ]
[ sql ] [ SQL ] INSERT INTO `user` (`nick` , `password` , `sex` , `age` , `create_time` , `update_time`) VALUES ('sdsad' , 'b54941aecb9c34b33351d146c2a876d2' , 1 , 16 , '2018-11-05 22:58:53' , '2018-11-05 22:58:53') [ RunTime:0.040734s ]
---------------------------------------------------------------
[ 2018-11-05T23:02:22+08:00 ] ::1 GET localhost/webmate/public/user/sign_in?nick=sdsad1&password=125sdfas&sex=1&age=16
[运行时间：0.321121s] [吞吐率：3.11req/s] [内存消耗：4,082.58kb] [文件加载：85]
[ sql ] [ DB ] CONNECT:[ UseTime:0.064243s ] mysql:host=118.89.35.251;dbname=webdemo;charset=utf8
[ sql ] [ SQL ] SHOW COLUMNS FROM `user` [ RunTime:0.047859s ]
[ sql ] [ SQL ] SELECT * FROM `user` WHERE  `nick` = 'nick'  AND `password` = 'a62a005c56b6fb4a66a9f67f28a72e76' LIMIT 1 [ RunTime:0.048551s ]
[ sql ] [ SQL ] INSERT INTO `user` (`nick` , `password` , `sex` , `age` , `create_time` , `update_time`) VALUES ('sdsad1' , 'b54941aecb9c34b33351d146c2a876d2' , 1 , 16 , '2018-11-05 23:02:22' , '2018-11-05 23:02:22') [ RunTime:0.041753s ]
---------------------------------------------------------------
[ 2018-11-05T23:02:32+08:00 ] ::1 GET localhost/webmate/public/user/sign_in?nick=sdsad1&password=125sdfas&sex=1&age=16
[运行时间：0.297698s] [吞吐率：3.36req/s] [内存消耗：4,082.58kb] [文件加载：85]
[ sql ] [ DB ] CONNECT:[ UseTime:0.074612s ] mysql:host=118.89.35.251;dbname=webdemo;charset=utf8
[ sql ] [ SQL ] SHOW COLUMNS FROM `user` [ RunTime:0.038046s ]
[ sql ] [ SQL ] SELECT * FROM `user` WHERE  `nick` = 'nick'  AND `password` = 'a62a005c56b6fb4a66a9f67f28a72e76' LIMIT 1 [ RunTime:0.037664s ]
[ sql ] [ SQL ] INSERT INTO `user` (`nick` , `password` , `sex` , `age` , `create_time` , `update_time`) VALUES ('sdsad1' , 'b54941aecb9c34b33351d146c2a876d2' , 1 , 16 , '2018-11-05 23:02:32' , '2018-11-05 23:02:32') [ RunTime:0.039912s ]
---------------------------------------------------------------
[ 2018-11-05T23:03:44+08:00 ] ::1 GET localhost/webmate/public/user/sign_in?nick=sdsad1&password=125sdfas&sex=1&age=16
[运行时间：0.316075s] [吞吐率：3.16req/s] [内存消耗：4,083.52kb] [文件加载：85]
[ sql ] [ DB ] CONNECT:[ UseTime:0.064814s ] mysql:host=118.89.35.251;dbname=webdemo;charset=utf8
[ sql ] [ SQL ] SHOW COLUMNS FROM `user` [ RunTime:0.041559s ]
[ sql ] [ SQL ] SELECT * FROM `user` WHERE  `nick` = 'nick'  AND `password` = 'a62a005c56b6fb4a66a9f67f28a72e76' LIMIT 1 [ RunTime:0.041864s ]
[ sql ] [ SQL ] INSERT INTO `user` (`nick` , `password` , `sex` , `age` , `create_time` , `update_time`) VALUES ('sdsad1' , 'b54941aecb9c34b33351d146c2a876d2' , 1 , 16 , '2018-11-05 23:03:44' , '2018-11-05 23:03:44') [ RunTime:0.041683s ]
---------------------------------------------------------------
[ 2018-11-05T23:16:08+08:00 ] ::1 GET localhost/webmate/public/user/sign_in?nick=sdsad1&password=125sdfas&sex=1&age=16
[运行时间：1.155215s] [吞吐率：0.87req/s] [内存消耗：4,083.45kb] [文件加载：85]
[ sql ] [ DB ] CONNECT:[ UseTime:0.055779s ] mysql:host=118.89.35.251;dbname=webdemo;charset=utf8
[ sql ] [ SQL ] SHOW COLUMNS FROM `user` [ RunTime:0.038943s ]
[ sql ] [ SQL ] SELECT * FROM `user` WHERE  `nick` = 'nick'  AND `password` = 'a62a005c56b6fb4a66a9f67f28a72e76' LIMIT 1 [ RunTime:0.037196s ]
[ sql ] [ SQL ] INSERT INTO `user` (`nick` , `password` , `sex` , `age` , `create_time` , `update_time`) VALUES ('sdsad1' , 'b54941aecb9c34b33351d146c2a876d2' , 1 , 16 , '2018-11-05 23:16:07' , '2018-11-05 23:16:07') [ RunTime:0.041006s ]
---------------------------------------------------------------
[ 2018-11-05T23:16:48+08:00 ] ::1 GET localhost/webmate/public/user/sign_in?nick=sdsad1&password=125sdfas&sex=1&age=16
[运行时间：0.281246s] [吞吐率：3.56req/s] [内存消耗：4,082.60kb] [文件加载：85]
[ sql ] [ DB ] CONNECT:[ UseTime:0.054852s ] mysql:host=118.89.35.251;dbname=webdemo;charset=utf8
[ sql ] [ SQL ] SHOW COLUMNS FROM `user` [ RunTime:0.036746s ]
[ sql ] [ SQL ] SELECT * FROM `user` WHERE  `nick` = 'nick'  AND `password` = 'a62a005c56b6fb4a66a9f67f28a72e76' LIMIT 1 [ RunTime:0.036795s ]
[ sql ] [ SQL ] INSERT INTO `user` (`nick` , `password` , `sex` , `age` , `create_time` , `update_time`) VALUES ('sdsad1' , 'b54941aecb9c34b33351d146c2a876d2' , 1 , 16 , '2018-11-05 23:16:48' , '2018-11-05 23:16:48') [ RunTime:0.038911s ]
---------------------------------------------------------------
[ 2018-11-05T23:17:03+08:00 ] ::1 GET localhost/webmate/public/user/sign_in?nick=sdsad1&password=125sdfas&sex=1&age=16
[运行时间：0.305988s] [吞吐率：3.27req/s] [内存消耗：4,082.60kb] [文件加载：85]
[ sql ] [ DB ] CONNECT:[ UseTime:0.062821s ] mysql:host=118.89.35.251;dbname=webdemo;charset=utf8
[ sql ] [ SQL ] SHOW COLUMNS FROM `user` [ RunTime:0.041736s ]
[ sql ] [ SQL ] SELECT * FROM `user` WHERE  `nick` = 'nick'  AND `password` = 'a62a005c56b6fb4a66a9f67f28a72e76' LIMIT 1 [ RunTime:0.041821s ]
[ sql ] [ SQL ] INSERT INTO `user` (`nick` , `password` , `sex` , `age` , `create_time` , `update_time`) VALUES ('sdsad1' , 'b54941aecb9c34b33351d146c2a876d2' , 1 , 16 , '2018-11-05 23:17:03' , '2018-11-05 23:17:03') [ RunTime:0.044577s ]
---------------------------------------------------------------
[ 2018-11-05T23:17:20+08:00 ] ::1 GET localhost/webmate/public/user/sign_in?nick=sdsad1&password=125sdfas&sex=1&age=16
[运行时间：0.275022s] [吞吐率：3.64req/s] [内存消耗：4,083.45kb] [文件加载：85]
[ sql ] [ DB ] CONNECT:[ UseTime:0.058456s ] mysql:host=118.89.35.251;dbname=webdemo;charset=utf8
[ sql ] [ SQL ] SHOW COLUMNS FROM `user` [ RunTime:0.040211s ]
[ sql ] [ SQL ] SELECT * FROM `user` WHERE  `nick` = 'nick'  AND `password` = 'a62a005c56b6fb4a66a9f67f28a72e76' LIMIT 1 [ RunTime:0.039049s ]
[ sql ] [ SQL ] INSERT INTO `user` (`nick` , `password` , `sex` , `age` , `create_time` , `update_time`) VALUES ('sdsad1' , 'b54941aecb9c34b33351d146c2a876d2' , 1 , 16 , '2018-11-05 23:17:19' , '2018-11-05 23:17:19') [ RunTime:0.038255s ]
---------------------------------------------------------------
[ 2018-11-05T23:17:35+08:00 ] ::1 GET localhost/webmate/public/user/sign_in?nick=sdsad1&password=125sdfas&sex=1&age=16
[运行时间：0.287177s] [吞吐率：3.48req/s] [内存消耗：4,082.23kb] [文件加载：85]
[ sql ] [ DB ] CONNECT:[ UseTime:0.054455s ] mysql:host=118.89.35.251;dbname=webdemo;charset=utf8
[ sql ] [ SQL ] SHOW COLUMNS FROM `user` [ RunTime:0.036762s ]
[ sql ] [ SQL ] SELECT * FROM `user` WHERE  `nick` = 'nick'  AND `password` = 'b54941aecb9c34b33351d146c2a876d2' LIMIT 1 [ RunTime:0.036948s ]
[ sql ] [ SQL ] INSERT INTO `user` (`nick` , `password` , `sex` , `age` , `create_time` , `update_time`) VALUES ('sdsad1' , 'b54941aecb9c34b33351d146c2a876d2' , 1 , 16 , '2018-11-05 23:17:35' , '2018-11-05 23:17:35') [ RunTime:0.036898s ]
---------------------------------------------------------------
[ 2018-11-05T23:18:26+08:00 ] ::1 GET localhost/webmate/public/user/sign_in?nick=sdsad1&password=125sdfas&sex=1&age=16
[运行时间：0.309284s] [吞吐率：3.23req/s] [内存消耗：4,083.43kb] [文件加载：85]
[ sql ] [ DB ] CONNECT:[ UseTime:0.060678s ] mysql:host=118.89.35.251;dbname=webdemo;charset=utf8
[ sql ] [ SQL ] SHOW COLUMNS FROM `user` [ RunTime:0.040709s ]
[ sql ] [ SQL ] SELECT * FROM `user` WHERE  `nick` = 'nick'  AND `password` = 'b54941aecb9c34b33351d146c2a876d2' LIMIT 1 [ RunTime:0.039693s ]
[ sql ] [ SQL ] INSERT INTO `user` (`nick` , `password` , `sex` , `age` , `create_time` , `update_time`) VALUES ('sdsad1' , 'b54941aecb9c34b33351d146c2a876d2' , 1 , 16 , '2018-11-05 23:18:26' , '2018-11-05 23:18:26') [ RunTime:0.040785s ]
---------------------------------------------------------------
[ 2018-11-05T23:19:02+08:00 ] ::1 GET localhost/webmate/public/user/sign_in?nick=sdsad1&password=125sdfas&sex=1&age=16
[运行时间：0.298685s] [吞吐率：3.35req/s] [内存消耗：4,082.58kb] [文件加载：85]
[ sql ] [ DB ] CONNECT:[ UseTime:0.056747s ] mysql:host=118.89.35.251;dbname=webdemo;charset=utf8
[ sql ] [ SQL ] SHOW COLUMNS FROM `user` [ RunTime:0.037908s ]
[ sql ] [ SQL ] SELECT * FROM `user` WHERE  `nick` = 'nick'  AND `password` = 'b54941aecb9c34b33351d146c2a876d2' LIMIT 1 [ RunTime:0.037154s ]
[ sql ] [ SQL ] INSERT INTO `user` (`nick` , `password` , `sex` , `age` , `create_time` , `update_time`) VALUES ('sdsad1' , 'b54941aecb9c34b33351d146c2a876d2' , 1 , 16 , '2018-11-05 23:19:02' , '2018-11-05 23:19:02') [ RunTime:0.038267s ]
---------------------------------------------------------------
[ 2018-11-05T23:19:23+08:00 ] ::1 GET localhost/webmate/public/user/sign_in?nick=sdsad1&password=125sdfas&sex=1&age=16
[运行时间：0.272322s] [吞吐率：3.67req/s] [内存消耗：4,080.98kb] [文件加载：85]
[ sql ] [ DB ] CONNECT:[ UseTime:0.056366s ] mysql:host=118.89.35.251;dbname=webdemo;charset=utf8
[ sql ] [ SQL ] SHOW COLUMNS FROM `user` [ RunTime:0.036852s ]
[ sql ] [ SQL ] SELECT * FROM `user` WHERE  `nick` = 'nick' LIMIT 1 [ RunTime:0.037040s ]
[ sql ] [ SQL ] INSERT INTO `user` (`nick` , `password` , `sex` , `age` , `create_time` , `update_time`) VALUES ('sdsad1' , 'b54941aecb9c34b33351d146c2a876d2' , 1 , 16 , '2018-11-05 23:19:23' , '2018-11-05 23:19:23') [ RunTime:0.036866s ]
---------------------------------------------------------------
[ 2018-11-05T23:20:07+08:00 ] ::1 GET localhost/webmate/public/user/sign_in?nick=sdsad1&password=125sdfas&sex=1&age=16
[运行时间：0.299666s] [吞吐率：3.34req/s] [内存消耗：4,082.61kb] [文件加载：85]
[ sql ] [ DB ] CONNECT:[ UseTime:0.060738s ] mysql:host=118.89.35.251;dbname=webdemo;charset=utf8
[ sql ] [ SQL ] SHOW COLUMNS FROM `user` [ RunTime:0.040302s ]
[ sql ] [ SQL ] SELECT * FROM `user` WHERE  `nick` = 'sdsad1'  AND `password` = 'b54941aecb9c34b33351d146c2a876d2' LIMIT 1 [ RunTime:0.037640s ]
[ sql ] [ SQL ] INSERT INTO `user` (`nick` , `password` , `sex` , `age` , `create_time` , `update_time`) VALUES ('sdsad1' , 'b54941aecb9c34b33351d146c2a876d2' , 1 , 16 , '2018-11-05 23:20:07' , '2018-11-05 23:20:07') [ RunTime:0.037809s ]
---------------------------------------------------------------
[ 2018-11-05T23:20:23+08:00 ] ::1 GET localhost/webmate/public/user/sign_in?nick=sdsad2&password=125sdfas&sex=1&age=16
[运行时间：0.349947s] [吞吐率：2.86req/s] [内存消耗：4,082.61kb] [文件加载：85]
[ sql ] [ DB ] CONNECT:[ UseTime:0.061469s ] mysql:host=118.89.35.251;dbname=webdemo;charset=utf8
[ sql ] [ SQL ] SHOW COLUMNS FROM `user` [ RunTime:0.041460s ]
[ sql ] [ SQL ] SELECT * FROM `user` WHERE  `nick` = 'sdsad2'  AND `password` = 'b54941aecb9c34b33351d146c2a876d2' LIMIT 1 [ RunTime:0.041033s ]
[ sql ] [ SQL ] INSERT INTO `user` (`nick` , `password` , `sex` , `age` , `create_time` , `update_time`) VALUES ('sdsad2' , 'b54941aecb9c34b33351d146c2a876d2' , 1 , 16 , '2018-11-05 23:20:22' , '2018-11-05 23:20:22') [ RunTime:0.040324s ]
